1634509448654	geckodriver	INFO	Listening on 127.0.0.1:55633
1634509451700	mozrunner::runner	INFO	Running command: "C:\\Program Files\\Mozilla Firefox\\firefox.exe" "--marionette" "-no-remote" "-profile" "C:\\Users\\uelde\\AppData\\Local\\Temp\\rust_mozprofileVBGpaC"
1634509539352	geckodriver	INFO	Listening on 127.0.0.1:64780
1634509542414	mozrunner::runner	INFO	Running command: "C:\\Program Files\\Mozilla Firefox\\firefox.exe" "--marionette" "-no-remote" "-profile" "C:\\Users\\uelde\\AppData\\Local\\Temp\\rust_mozprofileXRB63i"
1634509543071	addons.webextension.doh-rollout@mozilla.org	WARN	Loading extension 'doh-rollout@mozilla.org': Reading manifest: Invalid extension permission: networkStatus
1634509543265	addons.webextension.screenshots@mozilla.org	WARN	Loading extension 'screenshots@mozilla.org': Reading manifest: Invalid extension permission: mozillaAddons
1634509543266	addons.webextension.screenshots@mozilla.org	WARN	Loading extension 'screenshots@mozilla.org': Reading manifest: Invalid extension permission: telemetry
1634509543266	addons.webextension.screenshots@mozilla.org	WARN	Loading extension 'screenshots@mozilla.org': Reading manifest: Invalid extension permission: resource://pdf.js/
1634509543266	addons.webextension.screenshots@mozilla.org	WARN	Loading extension 'screenshots@mozilla.org': Reading manifest: Invalid extension permission: about:reader*
JavaScript error: resource://gre/modules/XULStore.jsm, line 66: Error: Can't find profile directory.
1634509546025	Marionette	INFO	Listening on port 63000
1634509546090	Marionette	WARN	TLS certificate errors will be ignored for this session
JavaScript warning: https://eg.freemeteo.com/Themes/1/Default/Js/D24BB2496A2DC349BBDFA364EB535168/1/Common.js, line 1296: unreachable code after return statement
JavaScript warning: https://eg.freemeteo.com/Themes/1/Default/Js/D24BB2496A2DC349BBDFA364EB535168/1/Common.js, line 1304: unreachable code after return statement
JavaScript warning: https://eg.freemeteo.com/Themes/1/Default/Js/D24BB2496A2DC349BBDFA364EB535168/1/Common.js, line 1575: unreachable code after return statement
JavaScript warning: https://eg.freemeteo.com/Themes/1/Default/Js/D24BB2496A2DC349BBDFA364EB535168/1/Common.js, line 1586: unreachable code after return statement
JavaScript warning: https://eg.freemeteo.com/Themes/1/Default/Js/D24BB2496A2DC349BBDFA364EB535168/1/Common.js, line 1591: unreachable code after return statement
JavaScript warning: https://eg.freemeteo.com/Themes/1/Default/Js/D24BB2496A2DC349BBDFA364EB535168/1/Common.js, line 1296: unreachable code after return statement
JavaScript warning: https://eg.freemeteo.com/Themes/1/Default/Js/D24BB2496A2DC349BBDFA364EB535168/1/Common.js, line 1296: unreachable code after return statement
JavaScript warning: https://eg.freemeteo.com/Themes/1/Default/Js/D24BB2496A2DC349BBDFA364EB535168/1/Common.js, line 1304: unreachable code after return statement
JavaScript warning: https://eg.freemeteo.com/Themes/1/Default/Js/D24BB2496A2DC349BBDFA364EB535168/1/Common.js, line 1575: unreachable code after return statement
JavaScript warning: https://eg.freemeteo.com/Themes/1/Default/Js/D24BB2496A2DC349BBDFA364EB535168/1/Common.js, line 1586: unreachable code after return statement
JavaScript warning: https://eg.freemeteo.com/Themes/1/Default/Js/D24BB2496A2DC349BBDFA364EB535168/1/Common.js, line 1591: unreachable code after return statement
JavaScript warning: https://eg.freemeteo.com/Themes/1/Default/Js/D24BB2496A2DC349BBDFA364EB535168/1/Common.js, line 1296: unreachable code after return statement
JavaScript warning: https://eg.freemeteo.com/Themes/1/Default/Js/D24BB2496A2DC349BBDFA364EB535168/1/Common.js, line 1296: unreachable code after return statement
JavaScript warning: https://eg.freemeteo.com/Themes/1/Default/Js/D24BB2496A2DC349BBDFA364EB535168/1/Common.js, line 1304: unreachable code after return statement
JavaScript warning: https://eg.freemeteo.com/Themes/1/Default/Js/D24BB2496A2DC349BBDFA364EB535168/1/Common.js, line 1575: unreachable code after return statement
JavaScript warning: https://eg.freemeteo.com/Themes/1/Default/Js/D24BB2496A2DC349BBDFA364EB535168/1/Common.js, line 1586: unreachable code after return statement
JavaScript warning: https://eg.freemeteo.com/Themes/1/Default/Js/D24BB2496A2DC349BBDFA364EB535168/1/Common.js, line 1591: unreachable code after return statement
JavaScript warning: https://eg.freemeteo.com/Themes/1/Default/Js/D24BB2496A2DC349BBDFA364EB535168/1/Common.js, line 1296: unreachable code after return statement
JavaScript error: , line 0: TypeError: NetworkError when attempting to fetch resource.
JavaScript error: , line 0: TypeError: NetworkError when attempting to fetch resource.
JavaScript error: , line 0: TypeError: NetworkError when attempting to fetch resource.
JavaScript error: , line 0: TypeError: NetworkError when attempting to fetch resource.
JavaScript error: , line 0: TypeError: NetworkError when attempting to fetch resource.
JavaScript error: , line 0: TypeError: NetworkError when attempting to fetch resource.
JavaScript warning: https://eg.freemeteo.com/Themes/1/Default/Js/D24BB2496A2DC349BBDFA364EB535168/1/Common.js, line 1296: unreachable code after return statement
JavaScript warning: https://eg.freemeteo.com/Themes/1/Default/Js/D24BB2496A2DC349BBDFA364EB535168/1/Common.js, line 1304: unreachable code after return statement
JavaScript warning: https://eg.freemeteo.com/Themes/1/Default/Js/D24BB2496A2DC349BBDFA364EB535168/1/Common.js, line 1575: unreachable code after return statement
JavaScript warning: https://eg.freemeteo.com/Themes/1/Default/Js/D24BB2496A2DC349BBDFA364EB535168/1/Common.js, line 1586: unreachable code after return statement
JavaScript warning: https://eg.freemeteo.com/Themes/1/Default/Js/D24BB2496A2DC349BBDFA364EB535168/1/Common.js, line 1591: unreachable code after return statement
JavaScript warning: https://eg.freemeteo.com/Themes/1/Default/Js/D24BB2496A2DC349BBDFA364EB535168/1/Common.js, line 1296: unreachable code after return statement
JavaScript error: , line 0: TypeError: NetworkError when attempting to fetch resource.
JavaScript error: resource:///modules/BrowserUsageTelemetry.jsm, line 303: TypeError: this._timeouts.remove is not a function
JavaScript error: resource:///modules/BrowserUsageTelemetry.jsm, line 303: TypeError: this._timeouts.remove is not a function
JavaScript error: resource:///modules/BrowserUsageTelemetry.jsm, line 303: TypeError: this._timeouts.remove is not a function
JavaScript error: resource:///modules/BrowserUsageTelemetry.jsm, line 303: TypeError: this._timeouts.remove is not a function
JavaScript error: resource:///modules/BrowserUsageTelemetry.jsm, line 303: TypeError: this._timeouts.remove is not a function
JavaScript error: , line 0: TypeError: NetworkError when attempting to fetch resource.
JavaScript error: , line 0: TypeError: NetworkError when attempting to fetch resource.
JavaScript error: , line 0: TypeError: NetworkError when attempting to fetch resource.
JavaScript error: , line 0: TypeError: NetworkError when attempting to fetch resource.
JavaScript error: , line 0: TypeError: NetworkError when attempting to fetch resource.
JavaScript error: , line 0: TypeError: NetworkError when attempting to fetch resource.
JavaScript error: , line 0: TypeError: NetworkError when attempting to fetch resource.
JavaScript error: resource:///modules/BrowserUsageTelemetry.jsm, line 303: TypeError: this._timeouts.remove is not a function
Files\\Mozilla Firefox\\firefox.exe" "--marionette" "-no-remote" "-profile" "C:\\Users\\uelde\\AppData\\Local\\Temp\\rust_mozprofilevNaGsB"
1634916770124	addons.webextension.doh-rollout@mozilla.org	WARN	Loading extension 'doh-rollout@mozilla.org': Reading manifest: Invalid extension permission: networkStatus
1634916770330	addons.webextension.screenshots@mozilla.org	WARN	Loading extension 'screenshots@mozilla.org': Reading manifest: Invalid extension permission: mozillaAddons
1634916770330	addons.webextension.screenshots@mozilla.org	WARN	Loading extension 'screenshots@mozilla.org': Reading manifest: Invalid extension permission: telemetry
1634916770331	addons.webextension.screenshots@mozilla.org	WARN	Loading extension 'screenshots@mozilla.org': Reading manifest: Invalid extension permission: resource://pdf.js/
1634916770331	addons.webextension.screenshots@mozilla.org	WARN	Loading extension 'screenshots@mozilla.org': Reading manifest: Invalid extension permission: about:reader*
JavaScript error: resource://gre/modules/UrlClassifierListManager.jsm, line 73: NS_ERROR_XPC_GS_RETURNED_FAILURE: ServiceManager::GetService returned failure code:
JavaScript error: resource://gre/modules/SafeBrowsing.jsm, line 303: NS_ERROR_XPC_GS_RETURNED_FAILURE: ServiceManager::GetService returned failure code:
1634916773046	Marionette	INFO	Listening on port 55623
1634916773143	Marionette	WARN	TLS certificate errors will be ignored for this session
JavaScript warning: https://eg.freemeteo.com/Themes/1/Default/Js/D24BB2496A2DC349BBDFA364EB535168/1/Common.js, line 1296: unreachable code after return statement
JavaScript warning: https://eg.freemeteo.com/Themes/1/Default/Js/D24BB2496A2DC349BBDFA364EB535168/1/Common.js, line 1304: unreachable code after return statement
JavaScript warning: https://eg.freemeteo.com/Themes/1/Default/Js/D24BB2496A2DC349BBDFA364EB535168/1/Common.js, line 1575: unreachable code after return statement
JavaScript warning: https://eg.freemeteo.com/Themes/1/Default/Js/D24BB2496A2DC349BBDFA364EB535168/1/Common.js, line 1586: unreachable code after return statement
JavaScript warning: https://eg.freemeteo.com/Themes/1/Default/Js/D24BB2496A2DC349BBDFA364EB535168/1/Common.js, line 1591: unreachable code after return statement
JavaScript warning: https://eg.freemeteo.com/Themes/1/Default/Js/D24BB2496A2DC349BBDFA364EB535168/1/Common.js, line 1296: unreachable code after return statement
JavaScript error: https://tpc.googlesyndication.com/sadbundle/$csp%3Der3$/8485430298749035447/160x600/createjs.min.js, line 1: TypeError: a is undefined
JavaScript warning: https://pagead2.googlesyndication.com/bg/RoWIF5mDLIotv0Cy6dtZXjafFgIOcjS1qvYEJExYR_Y.js line 1 > eval line 7311 > eval, line 1: Error: WebGL warning: <SetDimensions>: Failed to create WebGL context: WebGL is currently disabled.
JavaScript warning: https://pagead2.googlesyndication.com/bg/RoWIF5mDLIotv0Cy6dtZXjafFgIOcjS1qvYEJExYR_Y.js line 1 > eval line 6743 > eval line 1 > eval, line 1: Error: WebGL warning: <SetDimensions>: Failed to create WebGL context: WebGL is currently disabled.
JavaScript error: , line 0: TypeError: NetworkError when attempting to fetch resource.
JavaScript error: , line 0: TypeError: NetworkError when attempting to fetch resource.
JavaScript error: , line 0: TypeError: NetworkError when attempting to fetch resource.
JavaScript error: , line 0: TypeError: NetworkError when attempting to fetch resource.
JavaScript error: , line 0: TypeError: NetworkError when attempting to fetch resource.
JavaScript error: , line 0: TypeError: NetworkError when attempting to fetch resource.
JavaScript warning: https://eg.freemeteo.com/Themes/1/Default/Js/D24BB2496A2DC349BBDFA364EB535168/1/Common.js, line 1296: unreachable code after return statement
JavaScript warning: https://eg.freemeteo.com/Themes/1/Default/Js/D24BB2496A2DC349BBDFA364EB535168/1/Common.js, line 1304: unreachable code after return statement
JavaScript warning: https://eg.freemeteo.com/Themes/1/Default/Js/D24BB2496A2DC349BBDFA364EB535168/1/Common.js, line 1575: unreachable code after return statement
JavaScript warning: https://eg.freemeteo.com/Themes/1/Default/Js/D24BB2496A2DC349BBDFA364EB535168/1/Common.js, line 1586: unreachable code after return statement
JavaScript warning: https://eg.freemeteo.com/Themes/1/Default/Js/D24BB2496A2DC349BBDFA364EB535168/1/Common.js, line 1591: unreachable code after return statement
JavaScript warning: https://eg.freemeteo.com/Themes/1/Default/Js/D24BB2496A2DC349BBDFA364EB535168/1/Common.js, line 1296: unreachable code after return statement
JavaScript warning: https://pagead2.googlesyndication.com/bg/RoWIF5mDLIotv0Cy6dtZXjafFgIOcjS1qvYEJExYR_Y.js line 1 > eval line 5484 > eval, line 1: Error: WebGL warning: <SetDimensions>: Failed to create WebGL context: WebGL is currently disabled.
JavaScript warning: https://pagead2.googlesyndication.com/bg/RoWIF5mDLIotv0Cy6dtZXjafFgIOcjS1qvYEJExYR_Y.js line 1 > eval line 5959 > eval, line 1: Error: WebGL warning: <SetDimensions>: Failed to create WebGL context: WebGL is currently disabled.
JavaScript warning: https://eg.freemeteo.com/Themes/1/Default/Js/D24BB2496A2DC349BBDFA364EB535168/1/Common.js, line 1296: unreachable code after return statement
JavaScript warning: https://eg.freemeteo.com/Themes/1/Default/Js/D24BB2496A2DC349BBDFA364EB535168/1/Common.js, line 1304: unreachable code after return statement
JavaScript warning: https://eg.freemeteo.com/Themes/1/Default/Js/D24BB2496A2DC349BBDFA364EB535168/1/Common.js, line 1575: unreachable code after return statement
JavaScript warning: https://eg.freemeteo.com/Themes/1/Default/Js/D24BB2496A2DC349BBDFA364EB535168/1/Common.js, line 1586: unreachable code after return statement
JavaScript warning: https://eg.freemeteo.com/Themes/1/Default/Js/D24BB2496A2DC349BBDFA364EB535168/1/Common.js, line 1591: unreachable code after return statement
JavaScript error: , line 0: TypeError: NetworkError when attempting to fetch resource.
JavaScript error: , line 0: TypeError: NetworkError when attempting to fetch resource.
JavaScript error: , line 0: TypeError: NetworkError when attempting to fetch resource.
JavaScript error: , line 0: TypeError: NetworkError when attempting to fetch resource.
JavaScript error: , line 0: TypeError: NetworkError when attempting to fetch resource.
JavaScript error: , line 0: TypeError: NetworkError when attempting to fetch resource.
JavaScript error: , line 0: TypeError: NetworkError when attempting to fetch resource.
JavaScript error: , line 0: TypeError: NetworkError when attempting to fetch resource.
JavaScript warning: https://eg.freemeteo.com/Themes/1/Default/Js/D24BB2496A2DC349BBDFA364EB535168/1/Common.js, line 1296: unreachable code after return statement
JavaScript warning: https://pagead2.googlesyndication.com/bg/RoWIF5mDLIotv0Cy6dtZXjafFgIOcjS1qvYEJExYR_Y.js line 1 > eval line 6947 > eval line 1 > eval, line 1: Error: WebGL warning: <SetDimensions>: Failed to create WebGL context: WebGL is currently disabled.
JavaScript warning: https://pagead2.googlesyndication.com/bg/RoWIF5mDLIotv0Cy6dtZXjafFgIOcjS1qvYEJExYR_Y.js line 1 > eval line 1491 > eval, line 1: Error: WebGL warning: <SetDimensions>: Failed to create WebGL context: WebGL is currently disabled.
JavaScript warning: https://pagead2.googlesyndication.com/bg/RoWIF5mDLIotv0Cy6dtZXjafFgIOcjS1qvYEJExYR_Y.js line 1 > eval line 1066 > eval line 1 > eval, line 1: Error: WebGL warning: <SetDimensions>: Failed to create WebGL context: WebGL is currently disabled.
JavaScript warning: https://pagead2.googlesyndication.com/bg/RoWIF5mDLIotv0Cy6dtZXjafFgIOcjS1qvYEJExYR_Y.js line 1 > eval line 4921 > eval line 1 > eval, line 1: Error: WebGL warning: <SetDimensions>: Failed to create WebGL context: WebGL is currently disabled.
JavaScript error: resource:///modules/BrowserUsageTelemetry.jsm, line 303: TypeError: this._timeouts.remove is not a function
Files\\Mozilla Firefox\\firefox.exe" "--marionette" "-no-remote" "-profile" "C:\\Users\\uelde\\AppData\\Local\\Temp\\rust_mozprofileHSUkH6"
1634918392485	addons.webextension.doh-rollout@mozilla.org	WARN	Loading extension 'doh-rollout@mozilla.org': Reading manifest: Invalid extension permission: networkStatus
1634918392634	addons.webextension.screenshots@mozilla.org	WARN	Loading extension 'screenshots@mozilla.org': Reading manifest: Invalid extension permission: mozillaAddons
1634918392634	addons.webextension.screenshots@mozilla.org	WARN	Loading extension 'screenshots@mozilla.org': Reading manifest: Invalid extension permission: telemetry
1634918392634	addons.webextension.screenshots@mozilla.org	WARN	Loading extension 'screenshots@mozilla.org': Reading manifest: Invalid extension permission: resource://pdf.js/
1634918392635	addons.webextension.screenshots@mozilla.org	WARN	Loading extension 'screenshots@mozilla.org': Reading manifest: Invalid extension permission: about:reader*
JavaScript error: resource://gre/modules/XULStore.jsm, line 66: Error: Can't find profile directory.
1634918395272	Marionette	INFO	Listening on port 64127
1634918395509	Marionette	WARN	TLS certificate errors will be ignored for this session
1634918408272	geckodriver	INFO	Listening on 127.0.0.1:64791
1634918411313	mozrunner::runner	INFO	Running command: "C:\\Program Files\\Mozilla Firefox\\firefox.exe" "--marionette" "-no-remote" "-profile" "C:\\Users\\uelde\\AppData\\Local\\Temp\\rust_mozprofileapyh7z"
1634918411972	addons.webextension.doh-rollout@mozilla.org	WARN	Loading extension 'doh-rollout@mozilla.org': Reading manifest: Invalid extension permission: networkStatus
1634918412192	addons.webextension.screenshots@mozilla.org	WARN	Loading extension 'screenshots@mozilla.org': Reading manifest: Invalid extension permission: mozillaAddons
1634918412192	addons.webextension.screenshots@mozilla.org	WARN	Loading extension 'screenshots@mozilla.org': Reading manifest: Invalid extension permission: telemetry
1634918412193	addons.webextension.screenshots@mozilla.org	WARN	Loading extension 'screenshots@mozilla.org': Reading manifest: Invalid extension permission: resource://pdf.js/
1634918412193	addons.webextension.screenshots@mozilla.org	WARN	Loading extension 'screenshots@mozilla.org': Reading manifest: Invalid extension permission: about:reader*
JavaScript error: resource://gre/modules/UrlClassifierListManager.jsm, line 73: NS_ERROR_XPC_GS_RETURNED_FAILURE: ServiceManager::GetService returned failure code:
JavaScript error: resource://gre/modules/SafeBrowsing.jsm, line 303: NS_ERROR_XPC_GS_RETURNED_FAILURE: ServiceManager::GetService returned failure code:
1634918415351	Marionette	INFO	Listening on port 63977
1634918415475	Marionette	WARN	TLS certificate errors will be ignored for this session
JavaScript warning: https://eg.freemeteo.com/Themes/1/Default/Js/D24BB2496A2DC349BBDFA364EB535168/1/Common.js, line 1296: unreachable code after return statement
JavaScript warning: https://eg.freemeteo.com/Themes/1/Default/Js/D24BB2496A2DC349BBDFA364EB535168/1/Common.js, line 1304: unreachable code after return statement
JavaScript warning: https://eg.freemeteo.com/Themes/1/Default/Js/D24BB2496A2DC349BBDFA364EB535168/1/Common.js, line 1575: unreachable code after return statement
JavaScript warning: https://eg.freemeteo.com/Themes/1/Default/Js/D24BB2496A2DC349BBDFA364EB535168/1/Common.js, line 1586: unreachable code after return statement
JavaScript warning: https://eg.freemeteo.com/Themes/1/Default/Js/D24BB2496A2DC349BBDFA364EB535168/1/Common.js, line 1591: unreachable code after return statement
JavaScript warning: https://eg.freemeteo.com/Themes/1/Default/Js/D24BB2496A2DC349BBDFA364EB535168/1/Common.js, line 1296: unreachable code after return statement
JavaScript warning: https://pagead2.googlesyndication.com/bg/RoWIF5mDLIotv0Cy6dtZXjafFgIOcjS1qvYEJExYR_Y.js line 1 > eval line 3412 > eval line 1 > eval, line 1: Error: WebGL warning: <SetDimensions>: Failed to create WebGL context: WebGL is currently disabled.
JavaScript warning: https://pagead2.googlesyndication.com/bg/RoWIF5mDLIotv0Cy6dtZXjafFgIOcjS1qvYEJExYR_Y.js line 1 > eval line 163 > eval, line 1: Error: WebGL warning: <SetDimensions>: Failed to create WebGL context: WebGL is currently disabled.
JavaScript error: , line 0: TypeError: NetworkError when attempting to fetch resource.
JavaScript error: , line 0: TypeError: NetworkError when attempting to fetch resource.
JavaScript error: , line 0: TypeError: NetworkError when attempting to fetch resource.
JavaScript error: , line 0: TypeError: NetworkError when attempting to fetch resource.
JavaScript error: , line 0: TypeError: NetworkError when attempting to fetch resource.
JavaScript error: , line 0: TypeError: NetworkError when attempting to fetch resource.
JavaScript warning: https://eg.freemeteo.com/Themes/1/Default/Js/D24BB2496A2DC349BBDFA364EB535168/1/Common.js, line 1296: unreachable code after return statement
JavaScript warning: https://eg.freemeteo.com/Themes/1/Default/Js/D24BB2496A2DC349BBDFA364EB535168/1/Common.js, line 1304: unreachable code after return statement
JavaScript warning: https://eg.freemeteo.com/Themes/1/Default/Js/D24BB2496A2DC349BBDFA364EB535168/1/Common.js, line 1575: unreachable code after return statement
JavaScript warning: https://eg.freemeteo.com/Themes/1/Default/Js/D24BB2496A2DC349BBDFA364EB535168/1/Common.js, line 1586: unreachable code after return statement
JavaScript warning: https://eg.freemeteo.com/Themes/1/Default/Js/D24BB2496A2DC349BBDFA364EB535168/1/Common.js, line 1591: unreachable code after return statement
JavaScript warning: https://eg.freemeteo.com/Themes/1/Default/Js/D24BB2496A2DC349BBDFA364EB535168/1/Common.js, line 1296: unreachable code after return statement
JavaScript warning: https://pagead2.googlesyndication.com/bg/RoWIF5mDLIotv0Cy6dtZXjafFgIOcjS1qvYEJExYR_Y.js line 1 > eval line 7451 > eval, line 1: Error: WebGL warning: <SetDimensions>: Failed to create WebGL context: WebGL is currently disabled.
JavaScript warning: https://pagead2.googlesyndication.com/bg/RoWIF5mDLIotv0Cy6dtZXjafFgIOcjS1qvYEJExYR_Y.js line 1 > eval line 1147 > eval, line 1: Error: WebGL warning: <SetDimensions>: Failed to create WebGL context: WebGL is currently disabled.
JavaScript warning: https://pagead2.googlesyndication.com/bg/RoWIF5mDLIotv0Cy6dtZXjafFgIOcjS1qvYEJExYR_Y.js line 1 > eval line 6349 > eval, line 1: Error: WebGL warning: <SetDimensions>: Failed to create WebGL context: WebGL is currently disabled.
JavaScript error: , line 0: TypeError: NetworkError when attempting to fetch resource.
JavaScript error: , line 0: TypeError: NetworkError when attempting to fetch resource.
JavaScript error: , line 0: TypeError: NetworkError when attempting to fetch resource.
JavaScript error: , line 0: TypeError: NetworkError when attempting to fetch resource.
JavaScript error: , line 0: TypeError: NetworkError when attempting to fetch resource.
JavaScript error: , line 0: TypeError: NetworkError when attempting to fetch resource.
JavaScript error: , line 0: TypeError: NetworkError when attempting to fetch resource.
JavaScript warning: https://eg.freemeteo.com/Themes/1/Default/Js/D24BB2496A2DC349BBDFA364EB535168/1/Common.js, line 1296: unreachable code after return statement
JavaScript warning: https://eg.freemeteo.com/Themes/1/Default/Js/D24BB2496A2DC349BBDFA364EB535168/1/Common.js, line 1304: unreachable code after return statement
JavaScript warning: https://eg.freemeteo.com/Themes/1/Default/Js/D24BB2496A2DC349BBDFA364EB535168/1/Common.js, line 1575: unreachable code after return statement
JavaScript warning: https://eg.freemeteo.com/Themes/1/Default/Js/D24BB2496A2DC349BBDFA364EB535168/1/Common.js, line 1586: unreachable code after return statement
JavaScript warning: https://eg.freemeteo.com/Themes/1/Default/Js/D24BB2496A2DC349BBDFA364EB535168/1/Common.js, line 1591: unreachable code after return statement
JavaScript warning: https://eg.freemeteo.com/Themes/1/Default/Js/D24BB2496A2DC349BBDFA364EB535168/1/Common.js, line 1296: unreachable code after return statement
JavaScript warning: https://pagead2.googlesyndication.com/bg/RoWIF5mDLIotv0Cy6dtZXjafFgIOcjS1qvYEJExYR_Y.js line 1 > eval line 1308 > eval line 1 > eval, line 1: Error: WebGL warning: <SetDimensions>: Failed to create WebGL context: WebGL is currently disabled.
JavaScript warning: https://pagead2.googlesyndication.com/bg/RoWIF5mDLIotv0Cy6dtZXjafFgIOcjS1qvYEJExYR_Y.js line 1 > eval line 6559 > eval, line 1: Error: WebGL warning: <SetDimensions>: Failed to create WebGL context: WebGL is currently disabled.
JavaScript warning: https://pagead2.googlesyndication.com/bg/RoWIF5mDLIotv0Cy6dtZXjafFgIOcjS1qvYEJExYR_Y.js line 1 > eval line 1814 > eval, line 1: Error: WebGL warning: <SetDimensions>: Failed to create WebGL context: WebGL is currently disabled.
JavaScript warning: https://pagead2.googlesyndication.com/bg/RoWIF5mDLIotv0Cy6dtZXjafFgIOcjS1qvYEJExYR_Y.js line 1 > eval line 4950 > eval line 1 > eval, line 1: Error: WebGL warning: <SetDimensions>: Failed to create WebGL context: WebGL is currently disabled.
JavaScript error: , line 0: TypeError: NetworkError when attempting to fetch resource.
JavaScript error: , line 0: TypeError: NetworkError when attempting to fetch resource.
JavaScript error: , line 0: TypeError: NetworkError when attempting to fetch resource.
JavaScript error: , line 0: TypeError: NetworkError when attempting to fetch resource.
JavaScript error: , line 0: TypeError: NetworkError when attempting to fetch resource.
JavaScript error: , line 0: TypeError: NetworkError when attempting to fetch resource.
JavaScript error: , line 0: TypeError: NetworkError when attempting to fetch resource.
JavaScript error: , line 0: TypeError: NetworkError when attempting to fetch resource.
JavaScript warning: https://eg.freemeteo.com/Themes/1/Default/Js/D24BB2496A2DC349BBDFA364EB535168/1/Common.js, line 1296: unreachable code after return statement
JavaScript warning: https://eg.freemeteo.com/Themes/1/Default/Js/D24BB2496A2DC349BBDFA364EB535168/1/Common.js, line 1304: unreachable code after return statement
JavaScript warning: https://eg.freemeteo.com/Themes/1/Default/Js/D24BB2496A2DC349BBDFA364EB535168/1/Common.js, line 1575: unreachable code after return statement
JavaScript warning: https://eg.freemeteo.com/Themes/1/Default/Js/D24BB2496A2DC349BBDFA364EB535168/1/Common.js, line 1586: unreachable code after return statement
JavaScript warning: https://eg.freemeteo.com/Themes/1/Default/Js/D24BB2496A2DC349BBDFA364EB535168/1/Common.js, line 1591: unreachable code after return statement
JavaScript warning: https://eg.freemeteo.com/Themes/1/Default/Js/D24BB2496A2DC349BBDFA364EB535168/1/Common.js, line 1296: unreachable code after return statement
JavaScript warning: https://pagead2.googlesyndication.com/bg/RoWIF5mDLIotv0Cy6dtZXjafFgIOcjS1qvYEJExYR_Y.js line 1 > eval line 205 > eval line 1 > eval, line 1: Error: WebGL warning: <SetDimensions>: Failed to create WebGL context: WebGL is currently disabled.
JavaScript warning: https://pagead2.googlesyndication.com/bg/RoWIF5mDLIotv0Cy6dtZXjafFgIOcjS1qvYEJExYR_Y.js line 1 > eval line 1319 > eval line 1 > eval, line 1: Error: WebGL warning: <SetDimensions>: Failed to create WebGL context: WebGL is currently disabled.
JavaScript error: , line 0: TypeError: NetworkError when attempting to fetch resource.
JavaScript error: , line 0: TypeError: NetworkError when attempting to fetch resource.
JavaScript error: , line 0: TypeError: NetworkError when attempting to fetch resource.
JavaScript error: , line 0: TypeError: NetworkError when attempting to fetch resource.
JavaScript error: , line 0: TypeError: NetworkError when attempting to fetch resource.
JavaScript error: , line 0: TypeError: NetworkError when attempting to fetch resource.
JavaScript warning: https://pagead2.googlesyndication.com/bg/RoWIF5mDLIotv0Cy6dtZXjafFgIOcjS1qvYEJExYR_Y.js line 1 > eval line 1762 > eval, line 1: Error: WebGL warning: <SetDimensions>: Failed to create WebGL context: WebGL is currently disabled.
JavaScript warning: https://pagead2.googlesyndication.com/bg/RoWIF5mDLIotv0Cy6dtZXjafFgIOcjS1qvYEJExYR_Y.js line 1 > eval line 1351 > eval, line 1: Error: WebGL warning: <SetDimensions>: Failed to create WebGL context: WebGL is currently disabled.
JavaScript warning: https://pagead2.googlesyndication.com/bg/RoWIF5mDLIotv0Cy6dtZXjafFgIOcjS1qvYEJExYR_Y.js line 1 > eval line 5406 > eval, line 1: Error: WebGL warning: <SetDimensions>: Failed to create WebGL context: WebGL is currently disabled.
JavaScript warning: https://pagead2.googlesyndication.com/bg/RoWIF5mDLIotv0Cy6dtZXjafFgIOcjS1qvYEJExYR_Y.js line 1 > eval line 2961 > eval, line 1: Error: WebGL warning: <SetDimensions>: Failed to create WebGL context: WebGL is currently disabled.
JavaScript error: , line 0: TypeError: NetworkError when attempting to fetch resource.
JavaScript error: , line 0: TypeError: NetworkError when attempting to fetch resource.
JavaScript error: , line 0: TypeError: NetworkError when attempting to fetch resource.
JavaScript error: , line 0: TypeError: NetworkError when attempting to fetch resource.
JavaScript error: , line 0: TypeError: NetworkError when attempting to fetch resource.
JavaScript error: , line 0: TypeError: NetworkError when attempting to fetch resource.
JavaScript error: , line 0: TypeError: NetworkError when attempting to fetch resource.
JavaScript warning: https://pagead2.googlesyndication.com/bg/RoWIF5mDLIotv0Cy6dtZXjafFgIOcjS1qvYEJExYR_Y.js line 1 > eval line 6277 > eval, line 1: Error: WebGL warning: <SetDimensions>: Failed to create WebGL context: WebGL is currently disabled.
JavaScript warning: https://pagead2.googlesyndication.com/bg/RoWIF5mDLIotv0Cy6dtZXjafFgIOcjS1qvYEJExYR_Y.js line 1 > eval line 1054 > eval, line 1: Error: WebGL warning: <SetDimensions>: Failed to create WebGL context: WebGL is currently disabled.
JavaScript error: , line 0: TypeError: NetworkError when attempting to fetch resource.
JavaScript error: , line 0: TypeError: NetworkError when attempting to fetch resource.
JavaScript error: , line 0: TypeError: NetworkError when attempting to fetch resource.
JavaScript error: , line 0: TypeError: NetworkError when attempting to fetch resource.
JavaScript error: , line 0: TypeError: NetworkError when attempting to fetch resource.
JavaScript warning: https://pagead2.googlesyndication.com/bg/RoWIF5mDLIotv0Cy6dtZXjafFgIOcjS1qvYEJExYR_Y.js line 1 > eval line 3082 > eval, line 1: Error: WebGL warning: <SetDimensions>: Failed to create WebGL context: WebGL is currently disabled.
JavaScript warning: https://pagead2.googlesyndication.com/bg/RoWIF5mDLIotv0Cy6dtZXjafFgIOcjS1qvYEJExYR_Y.js line 1 > eval line 3317 > eval line 1 > eval, line 1: Error: WebGL warning: <SetDimensions>: Failed to create WebGL context: WebGL is currently disabled.
JavaScript error: , line 0: TypeError: NetworkError when attempting to fetch resource.
JavaScript error: , line 0: TypeError: NetworkError when attempting to fetch resource.
JavaScript error: , line 0: TypeError: NetworkError when attempting to fetch resource.
JavaScript error: , line 0: TypeError: NetworkError when attempting to fetch resource.
JavaScript error: , line 0: TypeError: NetworkError when attempting to fetch resource.
JavaScript warning: https://pagead2.googlesyndication.com/bg/RoWIF5mDLIotv0Cy6dtZXjafFgIOcjS1qvYEJExYR_Y.js line 1 > eval line 3224 > eval, line 1: Error: WebGL warning: <SetDimensions>: Failed to create WebGL context: WebGL is currently disabled.
JavaScript warning: https://pagead2.googlesyndication.com/bg/RoWIF5mDLIotv0Cy6dtZXjafFgIOcjS1qvYEJExYR_Y.js line 1 > eval line 5005 > eval, line 1: Error: WebGL warning: <SetDimensions>: Failed to create WebGL context: WebGL is currently disabled.
JavaScript error: https://tpc.googlesyndication.com/pagead/js/r20211020/r20110914/client/qs_click_protection_fy2019.js, line 21: NS_ERROR_NOT_INITIALIZED: 
JavaScript error: https://tpc.googlesyndication.com/pagead/js/r20211020/r20110914/client/qs_click_protection_fy2019.js, line 21: NS_ERROR_NOT_INITIALIZED: 
JavaScript error: , line 0: TypeError: NetworkError when attempting to fetch resource.
JavaScript error: , line 0: TypeError: NetworkError when attempting to fetch resource.
JavaScript error: , line 0: TypeError: NetworkError when attempting to fetch resource.
JavaScript error: , line 0: TypeError: NetworkError when attempting to fetch resource.
JavaScript error: , line 0: TypeError: NetworkError when attempting to fetch resource.
JavaScript error: , line 0: TypeError: NetworkError when attempting to fetch resource.
JavaScript error: , line 0: TypeError: NetworkError when attempting to fetch resource.
JavaScript warning: https://pagead2.googlesyndication.com/bg/RoWIF5mDLIotv0Cy6dtZXjafFgIOcjS1qvYEJExYR_Y.js line 1 > eval line 6311 > eval line 1 > eval, line 1: Error: WebGL warning: <SetDimensions>: Failed to create WebGL context: WebGL is currently disabled.
JavaScript warning: https://pagead2.googlesyndication.com/bg/RoWIF5mDLIotv0Cy6dtZXjafFgIOcjS1qvYEJExYR_Y.js line 1 > eval line 7176 > eval line 1 > eval, line 1: Error: WebGL warning: <SetDimensions>: Failed to create WebGL context: WebGL is currently disabled.
1634919232660	Marionette	INFO	Stopped listening on port 63977

###!!! [Child][MessageChannel] Error: (msgtype=0x660029,name=PNecko::Msg_RemoveRequestContext) Channel closing: too late to send/recv, messages will be lost


###!!! [Child][RunMessage] Error: Channel closing: too late to send/recv, messages will be lost

JavaScript error: , line 0: TypeError: NetworkError when attempting to fetch resource.
JavaScript error: , line 0: TypeError: NetworkError when attempting to fetch resource.
JavaScript error: , line 0: TypeError: NetworkError when attempting to fetch resource.
JavaScript error: , line 0: TypeError: NetworkError when attempting to fetch resource.
JavaScript error: , line 0: TypeError: NetworkError when attempting to fetch resource.

###!!! [Child][MessageChannel] Error: (msgtype=0x370126,name=PContent::Msg_ScriptError) Channel closing: too late to send/recv, messages will be lost


###!!! [Child][MessageChannel] Error: (msgtype=0x370126,name=PContent::Msg_ScriptError) Channel closing: too late to send/recv, messages will be lost


###!!! [Child][MessageChannel] Error: (msgtype=0x370126,name=PContent::Msg_ScriptError) Channel closing: too late to send/recv, messages will be lost


###!!! [Child][MessageChannel] Error: (msgtype=0x370126,name=PContent::Msg_ScriptError) Channel closing: too late to send/recv, messages will be lost


###!!! [Child][MessageChannel] Error: (msgtype=0x370126,name=PContent::Msg_ScriptError) Channel closing: too late to send/recv, messages will be lost

